<?xml version="1.0" encoding="UTF-8"?>
<!-- Generated by org.testng.reporters.JUnitReportReporter -->
<testsuite hostname="DESKTOP-MRVJBNT" failures="0" tests="2" name="com.menumitratOwnerAPITestScript.OwnerDetailsTestScript" time="0.178" errors="2" timestamp="18 Jun 2025 05:39:34 GMT">
  <testcase classname="com.menumitratOwnerAPITestScript.OwnerDetailsTestScript" name="testOwnerDetails" time="0.067">
    <error message="Error during owner details test execution: Status code mismatch - Expected: 200, Actual: 404" type="com.menumitra.utilityclass.customException">
      <![CDATA[com.menumitra.utilityclass.customException: Error during owner details test execution: Status code mismatch - Expected: 200, Actual: 404
	at com.menumitratOwnerAPITestScript.OwnerDetailsTestScript.testOwnerDetails(OwnerDetailsTestScript.java:262)
	at java.base/jdk.internal.reflect.DirectMethodHandleAccessor.invoke(DirectMethodHandleAccessor.java:103)
	at java.base/java.lang.reflect.Method.invoke(Method.java:580)
	at org.testng.internal.MethodInvocationHelper.invokeMethod(MethodInvocationHelper.java:86)
	at org.testng.internal.Invoker.invokeMethod(Invoker.java:643)
	at org.testng.internal.Invoker.invokeTestMethod(Invoker.java:820)
	at org.testng.internal.Invoker.invokeTestMethods(Invoker.java:1128)
	at org.testng.internal.TestMethodWorker.invokeTestMethods(TestMethodWorker.java:129)
	at org.testng.internal.TestMethodWorker.run(TestMethodWorker.java:112)
	at java.base/java.util.concurrent.ThreadPoolExecutor.runWorker(ThreadPoolExecutor.java:1144)
	at java.base/java.util.concurrent.ThreadPoolExecutor$Worker.run(ThreadPoolExecutor.java:642)
	at java.base/java.lang.Thread.run(Thread.java:1583)
]]>
    </error>
  </testcase> <!-- testOwnerDetails -->
  <testcase classname="com.menumitratOwnerAPITestScript.OwnerDetailsTestScript" name="testOwnerDetails" time="0.111">
    <error message="Error during owner details test execution: Status code mismatch - Expected: 200, Actual: 404" type="com.menumitra.utilityclass.customException">
      <![CDATA[com.menumitra.utilityclass.customException: Error during owner details test execution: Status code mismatch - Expected: 200, Actual: 404
	at com.menumitratOwnerAPITestScript.OwnerDetailsTestScript.testOwnerDetails(OwnerDetailsTestScript.java:262)
	at java.base/jdk.internal.reflect.DirectMethodHandleAccessor.invoke(DirectMethodHandleAccessor.java:103)
	at java.base/java.lang.reflect.Method.invoke(Method.java:580)
	at org.testng.internal.MethodInvocationHelper.invokeMethod(MethodInvocationHelper.java:86)
	at org.testng.internal.Invoker.invokeMethod(Invoker.java:643)
	at org.testng.internal.Invoker.invokeTestMethod(Invoker.java:820)
	at org.testng.internal.Invoker.invokeTestMethods(Invoker.java:1128)
	at org.testng.internal.TestMethodWorker.invokeTestMethods(TestMethodWorker.java:129)
	at org.testng.internal.TestMethodWorker.run(TestMethodWorker.java:112)
	at java.base/java.util.concurrent.ThreadPoolExecutor.runWorker(ThreadPoolExecutor.java:1144)
	at java.base/java.util.concurrent.ThreadPoolExecutor$Worker.run(ThreadPoolExecutor.java:642)
	at java.base/java.lang.Thread.run(Thread.java:1583)
]]>
    </error>
  </testcase> <!-- testOwnerDetails -->
</testsuite> <!-- com.menumitratOwnerAPITestScript.OwnerDetailsTestScript -->
