<?xml version="1.0" encoding="UTF-8"?>
<!-- Generated by org.testng.reporters.JUnitReportReporter -->
<testsuite hostname="DESKTOP-MRVJBNT" failures="0" tests="6" name="com.menumitratCommonAPITestScript.ResendOTPTestScript" time="0.360" errors="0" timestamp="19 Jun 2025 12:39:57 GMT">
  <testcase classname="com.menumitratCommonAPITestScript.ResendOTPTestScript" name="verifyRessendOTPUSingPositiveInputData" time="0.058"/>
  <testcase classname="com.menumitratCommonAPITestScript.ResendOTPTestScript" name="resendOTPusingInvalidData" time="0.075"/>
  <testcase classname="com.menumitratCommonAPITestScript.ResendOTPTestScript" name="resendOTPusingInvalidData" time="0.049"/>
  <testcase classname="com.menumitratCommonAPITestScript.ResendOTPTestScript" name="resendOTPusingInvalidData" time="0.055"/>
  <testcase classname="com.menumitratCommonAPITestScript.ResendOTPTestScript" name="resendOTPusingInvalidData" time="0.051"/>
  <testcase classname="com.menumitratCommonAPITestScript.ResendOTPTestScript" name="resendOTPusingInvalidData" time="0.072"/>
</testsuite> <!-- com.menumitratCommonAPITestScript.ResendOTPTestScript -->
