<?xml version="1.0" encoding="UTF-8"?>
<!-- Generated by org.testng.reporters.JUnitReportReporter -->
<testsuite hostname="DESKTOP-MRVJBNT" failures="0" tests="1" name="com.menumitratCommonAPITestScript.HotelDataTestScript" time="0.002" errors="1" timestamp="18 Jun 2025 06:28:05 GMT">
  <testcase classname="com.menumitratCommonAPITestScript.HotelDataTestScript" name="getHotelData" time="0.002">
    <error message="Setup failed: Error while reading Table List View API endpoint data from Excel sheet: Unexpected error occurred while reading excel sheet: Cannot invoke &quot;org.apache.poi.ss.usermodel.Row.getCell(int)&quot; because &quot;com.menumitra.utilityclass.DataDriven.row&quot; is null" type="com.menumitra.utilityclass.customException">
      <![CDATA[com.menumitra.utilityclass.customException: Setup failed: Error while reading Table List View API endpoint data from Excel sheet: Unexpected error occurred while reading excel sheet: Cannot invoke "org.apache.poi.ss.usermodel.Row.getCell(int)" because "com.menumitra.utilityclass.DataDriven.row" is null
	at com.menumitratCommonAPITestScript.TableListViewTestScript.setup(TableListViewTestScript.java:175)
	at java.base/jdk.internal.reflect.DirectMethodHandleAccessor.invoke(DirectMethodHandleAccessor.java:103)
	at java.base/java.lang.reflect.Method.invoke(Method.java:580)
	at org.testng.internal.MethodInvocationHelper.invokeMethod(MethodInvocationHelper.java:86)
	at org.testng.internal.Invoker.invokeConfigurationMethod(Invoker.java:514)
	at org.testng.internal.Invoker.invokeConfigurations(Invoker.java:215)
	at org.testng.internal.Invoker.invokeConfigurations(Invoker.java:142)
	at org.testng.internal.TestMethodWorker.invokeBeforeClassMethods(TestMethodWorker.java:178)
	at org.testng.internal.TestMethodWorker.run(TestMethodWorker.java:108)
	at java.base/java.util.concurrent.ThreadPoolExecutor.runWorker(ThreadPoolExecutor.java:1144)
	at java.base/java.util.concurrent.ThreadPoolExecutor$Worker.run(ThreadPoolExecutor.java:642)
	at java.base/java.lang.Thread.run(Thread.java:1583)
]]>
    </error>
  </testcase> <!-- getHotelData -->
</testsuite> <!-- com.menumitratCommonAPITestScript.HotelDataTestScript -->
