<?xml version="1.0" encoding="UTF-8"?>
<!-- Generated by org.testng.reporters.JUnitReportReporter -->
<testsuite hostname="DESKTOP-MRVJBNT" failures="0" tests="1" name="com.menumitratCommonAPITestScript.ActivityLogTestScript" time="0.070" errors="0" timestamp="19 Jun 2025 12:39:57 GMT">
  <testcase classname="com.menumitratCommonAPITestScript.ActivityLogTestScript" name="activityLogTest" time="0.070"/>
</testsuite> <!-- com.menumitratCommonAPITestScript.ActivityLogTestScript -->
