<?xml version="1.0" encoding="UTF-8"?>
<!-- Generated by org.testng.reporters.JUnitReportReporter -->
<testsuite hostname="DESKTOP-MRVJBNT" failures="0" tests="1" name="com.menumitratCommonAPITestScript.GetStaffRole" time="0.104" errors="0" timestamp="19 Jun 2025 12:39:57 GMT">
  <testcase classname="com.menumitratCommonAPITestScript.GetStaffRole" name="verifyStaffRole" time="0.104"/>
</testsuite> <!-- com.menumitratCommonAPITestScript.GetStaffRole -->
