<?xml version="1.0" encoding="UTF-8"?>
<!-- Generated by org.testng.reporters.JUnitReportReporter -->
<testsuite hostname="DESKTOP-MRVJBNT" failures="0" tests="2" name="com.menumitratCommonAPITestScript.OutletSettingsViewTestScript" time="0.120" errors="0" timestamp="19 Jun 2025 12:39:57 GMT">
  <testcase classname="com.menumitratCommonAPITestScript.OutletSettingsViewTestScript" name="outletSettingsViewNegativeTest" time="0.055"/>
  <testcase classname="com.menumitratCommonAPITestScript.OutletSettingsViewTestScript" name="outletSettingsView" time="0.065"/>
</testsuite> <!-- com.menumitratCommonAPITestScript.OutletSettingsViewTestScript -->
