<?xml version="1.0" encoding="UTF-8"?>
<!-- Generated by org.testng.reporters.JUnitReportReporter -->
<testsuite hostname="DESKTOP-MRVJBNT" failures="0" tests="1" name="com.menumitratCommonAPITestScript.OrderPaymentSettleTestScript" time="0.128" errors="0" timestamp="23 Jun 2025 07:53:40 GMT">
  <testcase classname="com.menumitratCommonAPITestScript.OrderPaymentSettleTestScript" name="orderPaymentSettle" time="0.128"/>
</testsuite> <!-- com.menumitratCommonAPITestScript.OrderPaymentSettleTestScript -->
