<?xml version="1.0" encoding="UTF-8"?>
<!-- Generated by org.testng.reporters.JUnitReportReporter -->
<testsuite hostname="DESKTOP-MRVJBNT" failures="0" tests="1" name="com.menumitratCommonAPITestScript.SplitTableTestScript" time="0.192" errors="0" timestamp="20 Jun 2025 11:40:03 GMT">
  <testcase classname="com.menumitratCommonAPITestScript.SplitTableTestScript" name="splitTable" time="0.192"/>
</testsuite> <!-- com.menumitratCommonAPITestScript.SplitTableTestScript -->
