<?xml version="1.0" encoding="UTF-8"?>
<!-- Generated by org.testng.reporters.JUnitReportReporter -->
<testsuite hostname="DESKTOP-MRVJBNT" failures="0" tests="2" name="com.menumitratCommonAPITestScript.MenuCategoryUpdateTestScript" time="0.102" errors="0" timestamp="19 Jun 2025 12:39:57 GMT">
  <testcase classname="com.menumitratCommonAPITestScript.MenuCategoryUpdateTestScript" name="menuCategoryUpdateNegativeTest" time="0.046"/>
  <testcase classname="com.menumitratCommonAPITestScript.MenuCategoryUpdateTestScript" name="menuCategoryUpdateNegativeTest" time="0.056"/>
</testsuite> <!-- com.menumitratCommonAPITestScript.MenuCategoryUpdateTestScript -->
