<?xml version="1.0" encoding="UTF-8"?>
<!-- Generated by org.testng.reporters.JUnitReportReporter -->
<testsuite hostname="DESKTOP-MRVJBNT" failures="0" tests="1" name="com.menumitratCommonAPITestScript.UbacFuctionalityCreateTestScript" time="0.062" errors="0" timestamp="18 Jun 2025 07:21:08 GMT">
  <testcase classname="com.menumitratCommonAPITestScript.UbacFuctionalityCreateTestScript" name="ubacCreateTest" time="0.062"/>
</testsuite> <!-- com.menumitratCommonAPITestScript.UbacFuctionalityCreateTestScript -->
