<?xml version="1.0" encoding="UTF-8"?>
<!-- Generated by org.testng.reporters.JUnitReportReporter -->
<testsuite hostname="DESKTOP-MRVJBNT" failures="0" tests="1" name="com.menumitratCommonAPITestScript.TableListViewTestScript" time="3.151" errors="0" timestamp="23 Jun 2025 09:17:06 GMT">
  <testcase classname="com.menumitratCommonAPITestScript.TableListViewTestScript" name="verifyTableListView" time="3.151"/>
</testsuite> <!-- com.menumitratCommonAPITestScript.TableListViewTestScript -->
